2024-11-26 13:26:31,174 [INFO] Activator:176 - 


2024-11-26 13:26:31,178 [INFO] Activator:177 - !SESSION log4j initialized
2024-11-26 13:26:35,569 [INFO] LogOutputStream:77 - [STDOUT_REDIRECT] 
2024-11-26 13:26:46,358 [INFO] ApplicationProperties:184 - Using Application install path: C:\ST\STM32CubeIDE_1.16.1\STM32CubeIDE\plugins\com.st.stm32cube.common.mx_6.12.1.202409122256
2024-11-26 13:26:46,370 [INFO] DbMcusXml:78 - Set database path to: C:\ST\STM32CubeIDE_1.16.1\STM32CubeIDE\plugins\com.st.stm32cube.common.mx_6.12.1.202409122256\\db\/mcu/
2024-11-26 13:26:46,370 [INFO] ApiDb:274 - Set plugin database path to: C:\ST\STM32CubeIDE_1.16.1\STM32CubeIDE\plugins\com.st.stm32cube.common.mx_6.12.1.202409122256\\db\/plugins/boardmanager/
2024-11-26 13:26:46,379 [WARN] ApiDb:259 - Overriding images path with different value:  => C:\ST\STM32CubeIDE_1.16.1\STM32CubeIDE\plugins\com.st.stm32cube.common.mx_6.12.1.202409122256\\db\/plugins/mcufinder/images/
2024-11-26 13:26:46,382 [INFO] ApiDb:250 - Set database path to: C:\Users\iot19\.stmcufinder\plugins\mcufinder//mcu/
2024-11-26 13:26:46,383 [INFO] DbMcusAds:125 - Set database path to: C:\Users\iot19\.stmcufinder\plugins\mcufinder//mcu/
2024-11-26 13:26:46,411 [INFO] CrossReferenceDbSqlite:203 - Set database path to: C:\Users\iot19\.stmcufinder\plugins\mcufinder//mcu/cs/
2024-11-26 13:26:46,489 [INFO] RulesReader:64 - Compatibility file has been processed (297 Rules)
2024-11-26 13:26:46,537 [INFO] DbMcusXml:78 - Set database path to: C:\ST\STM32CubeIDE_1.16.1\STM32CubeIDE\plugins\com.st.stm32cube.common.mx_6.12.1.202409122256\\db\/mcu/
2024-11-26 13:26:46,537 [INFO] ApiDb:274 - Set plugin database path to: C:\ST\STM32CubeIDE_1.16.1\STM32CubeIDE\plugins\com.st.stm32cube.common.mx_6.12.1.202409122256\\db\/plugins/boardmanager/
2024-11-26 13:26:46,537 [INFO] ApiDb:261 - Set plugin images path to: C:\ST\STM32CubeIDE_1.16.1\STM32CubeIDE\plugins\com.st.stm32cube.common.mx_6.12.1.202409122256\\db\/plugins/mcufinder/images/
2024-11-26 13:26:46,537 [WARN] DbFile:41 - Overriding database path with different value: C:\Users\iot19\.stmcufinder\plugins\mcufinder/ => C:\Users\iot19\.stmcufinder\plugins\mcufinder
2024-11-26 13:26:46,537 [INFO] ApiDb:250 - Set database path to: C:\Users\iot19\.stmcufinder\plugins\mcufinder//mcu/
2024-11-26 13:26:46,537 [WARN] DbFile:41 - Overriding database path with different value: C:\Users\iot19\.stmcufinder\plugins\mcufinder/ => C:\Users\iot19\.stmcufinder\plugins\mcufinder
2024-11-26 13:26:46,537 [INFO] DbMcusAds:125 - Set database path to: C:\Users\iot19\.stmcufinder\plugins\mcufinder//mcu/
2024-11-26 13:26:46,538 [WARN] DbFile:41 - Overriding database path with different value: C:\Users\iot19\.stmcufinder\plugins\mcufinder/ => C:\Users\iot19\.stmcufinder\plugins\mcufinder
2024-11-26 13:26:46,538 [WARN] DbFile:41 - Overriding database path with different value: C:\Users\iot19\.stmcufinder\plugins\mcufinder/ => C:\Users\iot19\.stmcufinder\plugins\mcufinder
2024-11-26 13:26:46,538 [INFO] CrossReferenceDbSqlite:203 - Set database path to: C:\Users\iot19\.stmcufinder\plugins\mcufinder//mcu/cs/
2024-11-26 13:26:46,582 [INFO] MainPanel:268 - HeapMemory: 268435456
2024-11-26 13:26:46,635 [INFO] DbMcusXml:78 - Set database path to: C:\ST\STM32CubeIDE_1.16.1\STM32CubeIDE\plugins\com.st.stm32cube.common.mx_6.12.1.202409122256\\db\/mcu/
2024-11-26 13:26:46,635 [INFO] ApiDb:274 - Set plugin database path to: C:\ST\STM32CubeIDE_1.16.1\STM32CubeIDE\plugins\com.st.stm32cube.common.mx_6.12.1.202409122256\\db\/plugins/boardmanager/
2024-11-26 13:26:46,635 [INFO] ApiDb:261 - Set plugin images path to: C:\ST\STM32CubeIDE_1.16.1\STM32CubeIDE\plugins\com.st.stm32cube.common.mx_6.12.1.202409122256\\db\/plugins/mcufinder/images/
2024-11-26 13:26:46,635 [WARN] DbFile:41 - Overriding database path with different value: C:\Users\iot19\.stmcufinder\plugins\mcufinder/ => C:\Users\iot19\.stmcufinder\plugins\mcufinder
2024-11-26 13:26:46,635 [INFO] ApiDb:250 - Set database path to: C:\Users\iot19\.stmcufinder\plugins\mcufinder//mcu/
2024-11-26 13:26:46,635 [WARN] DbFile:41 - Overriding database path with different value: C:\Users\iot19\.stmcufinder\plugins\mcufinder/ => C:\Users\iot19\.stmcufinder\plugins\mcufinder
2024-11-26 13:26:46,635 [INFO] DbMcusAds:125 - Set database path to: C:\Users\iot19\.stmcufinder\plugins\mcufinder//mcu/
2024-11-26 13:26:46,635 [WARN] DbFile:41 - Overriding database path with different value: C:\Users\iot19\.stmcufinder\plugins\mcufinder/ => C:\Users\iot19\.stmcufinder\plugins\mcufinder
2024-11-26 13:26:46,635 [WARN] DbFile:41 - Overriding database path with different value: C:\Users\iot19\.stmcufinder\plugins\mcufinder/ => C:\Users\iot19\.stmcufinder\plugins\mcufinder
2024-11-26 13:26:46,635 [INFO] CrossReferenceDbSqlite:203 - Set database path to: C:\Users\iot19\.stmcufinder\plugins\mcufinder//mcu/cs/
2024-11-26 13:26:46,645 [INFO] ApplicationProperties:184 - Using Application install path: C:\ST\STM32CubeIDE_1.16.1\STM32CubeIDE\plugins\com.st.stm32cube.common.mx_6.12.1.202409122256
2024-11-26 13:26:46,647 [INFO] PluginManage:196 - Search for loadable plugins [exclusion list=, ]
2024-11-26 13:26:46,647 [INFO] PluginManage:310 - Check plugin analytics
2024-11-26 13:26:51,680 [INFO] AnalyticsPlugin:253 - Accepted Software Licenses: 
2024-11-26 13:26:51,680 [INFO] AnalyticsPlugin:255 - Accepted CMSIS Pack Licenses: 
2024-11-26 13:26:51,680 [INFO] AnalyticsPlugin:257 - Accepted Firmware Licenses: FW.F4.1.28.0
2024-11-26 13:26:51,683 [INFO] PluginManage:359 - Loaded plugin analytics (category:tool,tabindex:-1)
2024-11-26 13:26:51,683 [INFO] PluginManage:310 - Check plugin cadmodel
2024-11-26 13:26:51,697 [INFO] CADModel:105 - Init CAD model plugin
2024-11-26 13:26:51,697 [INFO] PluginManage:359 - Loaded plugin cadmodel (category:power,tabindex:5)
2024-11-26 13:26:51,697 [INFO] PluginManage:310 - Check plugin clock
2024-11-26 13:26:51,711 [INFO] PluginManage:359 - Loaded plugin clock (category:base,tabindex:2)
2024-11-26 13:26:51,711 [INFO] PluginManage:310 - Check plugin ddr
2024-11-26 13:26:51,712 [INFO] PluginManage:359 - Loaded plugin ddr (category:tool,tabindex:6)
2024-11-26 13:26:51,712 [INFO] PluginManage:310 - Check plugin filemanager
2024-11-26 13:26:51,807 [INFO] PluginManage:359 - Loaded plugin filemanager (category:base,tabindex:10)
2024-11-26 13:26:51,807 [INFO] PluginManage:310 - Check plugin ipmanager
2024-11-26 13:26:51,812 [INFO] PluginManage:359 - Loaded plugin ipmanager (category:base,tabindex:5)
2024-11-26 13:26:51,812 [INFO] PluginManage:310 - Check plugin lpbam
2024-11-26 13:26:51,824 [INFO] PluginManage:359 - Loaded plugin lpbam (category:base,tabindex:0)
2024-11-26 13:26:51,824 [INFO] PluginManage:310 - Check plugin memorymap
2024-11-26 13:26:51,840 [INFO] PluginManage:359 - Loaded plugin memorymap (category:base,tabindex:4)
2024-11-26 13:26:51,840 [INFO] PluginManage:310 - Check plugin pinoutandconfiguration
2024-11-26 13:26:51,851 [INFO] PluginManage:359 - Loaded plugin pinoutandconfiguration (category:base,tabindex:1)
2024-11-26 13:26:51,852 [INFO] PluginManage:310 - Check plugin pinoutconfig
2024-11-26 13:26:51,919 [WARN] SupportedApi:132 - Cannot load RTOS API schema: s4s-elt-must-match.1: The content of 'definitions' must match (annotation?, (simpleType | complexType)?, (unique | key | keyref)*)). A problem was found starting at: attribute.
2024-11-26 13:26:52,036 [INFO] PluginManage:359 - Loaded plugin pinoutconfig (category:base,tabindex:0)
2024-11-26 13:26:52,036 [INFO] PluginManage:310 - Check plugin power
2024-11-26 13:26:52,047 [INFO] PluginManage:359 - Loaded plugin power (category:power,tabindex:4)
2024-11-26 13:26:52,047 [INFO] PluginManage:310 - Check plugin projectmanager
2024-11-26 13:26:52,056 [INFO] PluginManage:359 - Loaded plugin projectmanager (category:projectmanager,tabindex:4)
2024-11-26 13:26:52,056 [INFO] PluginManage:310 - Check plugin rif
2024-11-26 13:26:52,065 [INFO] PluginManage:359 - Loaded plugin rif (category:base,tabindex:3)
2024-11-26 13:26:52,066 [INFO] PluginManage:310 - Check plugin thirdparty
2024-11-26 13:26:52,261 [INFO] PluginManage:359 - Loaded plugin thirdparty (category:base,tabindex:-1)
2024-11-26 13:26:52,261 [INFO] PluginManage:310 - Check plugin tools
2024-11-26 13:26:52,261 [WARN] IntegrityCheckThread:84 - waiting for thirdparty lock release [integrity check]
2024-11-26 13:26:52,261 [INFO] IntegrityCheckThread:86 - entering critical section [integrity check]
2024-11-26 13:26:52,261 [INFO] ThirdPartyUpdaterWithRetryManager:70 - Updater plugin not ready yet. [1/15]
2024-11-26 13:26:52,287 [INFO] PluginManage:359 - Loaded plugin tools (category:base,tabindex:7)
2024-11-26 13:26:52,287 [INFO] PluginManage:310 - Check plugin tutovideos
2024-11-26 13:26:52,395 [INFO] PluginManage:359 - Loaded plugin tutovideos (category:base,tabindex:-1)
2024-11-26 13:26:52,395 [INFO] PluginManage:310 - Check plugin updater
2024-11-26 13:26:52,404 [INFO] PluginManage:359 - Loaded plugin updater (category:base,tabindex:12)
2024-11-26 13:26:52,404 [INFO] PluginManage:310 - Check plugin userauth
2024-11-26 13:26:52,407 [INFO] UserAuth:113 - Init User Auth plugin
2024-11-26 13:26:52,407 [INFO] PluginManage:359 - Loaded plugin userauth (category:base,tabindex:14)
2024-11-26 13:26:52,407 [INFO] PluginManage:283 - PluginManage : Loaded plugins [18]
2024-11-26 13:26:52,517 [INFO] PinOutPanel:1561 - setPackage(No Configuration,No Configuration)
2024-11-26 13:26:52,564 [INFO] CADModel:165 - CPN selected for project level
2024-11-26 13:26:52,564 [INFO] CADModel:114 - Register for checkConnection events
2024-11-26 13:26:52,580 [INFO] IPUIPlugin:80 - create IPUIPlugin
2024-11-26 13:26:52,580 [INFO] PluginManager:220 - loadIPPluginJar : add adc
2024-11-26 13:26:52,609 [INFO] IPUIPlugin:80 - create IPUIPlugin
2024-11-26 13:26:52,609 [INFO] PluginManager:220 - loadIPPluginJar : add aes
2024-11-26 13:26:52,635 [INFO] IPUIPlugin:80 - create IPUIPlugin
2024-11-26 13:26:52,635 [INFO] PluginManager:220 - loadIPPluginJar : add can
2024-11-26 13:26:52,651 [INFO] IPUIPlugin:80 - create IPUIPlugin
2024-11-26 13:26:52,651 [INFO] PluginManager:220 - loadIPPluginJar : add comp
2024-11-26 13:26:52,674 [INFO] IPUIPlugin:80 - create IPUIPlugin
2024-11-26 13:26:52,674 [INFO] PluginManager:220 - loadIPPluginJar : add cryp
2024-11-26 13:26:52,683 [INFO] IPUIPlugin:80 - create IPUIPlugin
2024-11-26 13:26:52,683 [INFO] PluginManager:220 - loadIPPluginJar : add ddr_ctrl_phy
2024-11-26 13:26:52,707 [INFO] IPUIPlugin:80 - create IPUIPlugin
2024-11-26 13:26:52,707 [INFO] PluginManager:220 - loadIPPluginJar : add dfsdm
2024-11-26 13:26:52,717 [INFO] IPUIPlugin:80 - create IPUIPlugin
2024-11-26 13:26:52,717 [INFO] PluginManager:220 - loadIPPluginJar : add dma
2024-11-26 13:26:52,751 [INFO] IPUIPlugin:80 - create IPUIPlugin
2024-11-26 13:26:52,751 [INFO] PluginManager:220 - loadIPPluginJar : add dma3
2024-11-26 13:26:52,782 [INFO] IPUIPlugin:80 - create IPUIPlugin
2024-11-26 13:26:52,782 [INFO] PluginManager:220 - loadIPPluginJar : add extmemmanager
2024-11-26 13:26:52,798 [INFO] IPUIPlugin:80 - create IPUIPlugin
2024-11-26 13:26:52,798 [INFO] PluginManager:220 - loadIPPluginJar : add fatfs
2024-11-26 13:26:52,834 [INFO] IPUIPlugin:80 - create IPUIPlugin
2024-11-26 13:26:52,835 [INFO] PluginManager:220 - loadIPPluginJar : add fmc
2024-11-26 13:26:52,845 [INFO] IPUIPlugin:80 - create IPUIPlugin
2024-11-26 13:26:52,845 [INFO] PluginManager:220 - loadIPPluginJar : add freertos
2024-11-26 13:26:52,862 [INFO] IPUIPlugin:80 - create IPUIPlugin
2024-11-26 13:26:52,862 [INFO] PluginManager:220 - loadIPPluginJar : add genericplugin
2024-11-26 13:26:52,924 [INFO] IPUIPlugin:80 - create IPUIPlugin
2024-11-26 13:26:52,924 [INFO] PluginManager:220 - loadIPPluginJar : add gfxmmu
2024-11-26 13:26:53,007 [INFO] IPUIPlugin:80 - create IPUIPlugin
2024-11-26 13:26:53,008 [INFO] PluginManager:220 - loadIPPluginJar : add gic
2024-11-26 13:26:53,018 [INFO] IPUIPlugin:80 - create IPUIPlugin
2024-11-26 13:26:53,018 [INFO] PluginManager:220 - loadIPPluginJar : add gpio
2024-11-26 13:26:53,078 [INFO] IPUIPlugin:80 - create IPUIPlugin
2024-11-26 13:26:53,078 [INFO] PluginManager:220 - loadIPPluginJar : add gtzc
2024-11-26 13:26:53,101 [INFO] IPUIPlugin:80 - create IPUIPlugin
2024-11-26 13:26:53,102 [INFO] PluginManager:220 - loadIPPluginJar : add hash
2024-11-26 13:26:53,136 [INFO] IPUIPlugin:80 - create IPUIPlugin
2024-11-26 13:26:53,136 [INFO] PluginManager:220 - loadIPPluginJar : add i2c
2024-11-26 13:26:53,164 [INFO] IPUIPlugin:80 - create IPUIPlugin
2024-11-26 13:26:53,164 [INFO] PluginManager:220 - loadIPPluginJar : add i2s
2024-11-26 13:26:53,194 [INFO] IPUIPlugin:80 - create IPUIPlugin
2024-11-26 13:26:53,194 [INFO] PluginManager:220 - loadIPPluginJar : add i3c
2024-11-26 13:26:53,263 [INFO] IPUIPlugin:80 - create IPUIPlugin
2024-11-26 13:26:53,263 [INFO] PluginManager:220 - loadIPPluginJar : add ipddr
2024-11-26 13:26:53,325 [INFO] IPUIPlugin:80 - create IPUIPlugin
2024-11-26 13:26:53,325 [INFO] PluginManager:220 - loadIPPluginJar : add linkedlist
2024-11-26 13:26:53,349 [INFO] IPUIPlugin:80 - create IPUIPlugin
2024-11-26 13:26:53,349 [INFO] PluginManager:220 - loadIPPluginJar : add lorawan
2024-11-26 13:26:53,373 [INFO] IPUIPlugin:80 - create IPUIPlugin
2024-11-26 13:26:53,373 [INFO] PluginManager:220 - loadIPPluginJar : add ltdc
2024-11-26 13:26:53,383 [INFO] IPUIPlugin:80 - create IPUIPlugin
2024-11-26 13:26:53,383 [INFO] PluginManager:220 - loadIPPluginJar : add mdma
2024-11-26 13:26:53,395 [INFO] IPUIPlugin:80 - create IPUIPlugin
2024-11-26 13:26:53,395 [INFO] PluginManager:220 - loadIPPluginJar : add nvic
2024-11-26 13:26:53,422 [INFO] IPUIPlugin:80 - create IPUIPlugin
2024-11-26 13:26:53,422 [INFO] PluginManager:220 - loadIPPluginJar : add opamp
2024-11-26 13:26:53,460 [INFO] IPUIPlugin:80 - create IPUIPlugin
2024-11-26 13:26:53,460 [INFO] PluginManager:220 - loadIPPluginJar : add openamp
2024-11-26 13:26:53,489 [INFO] IPUIPlugin:80 - create IPUIPlugin
2024-11-26 13:26:53,489 [INFO] PluginManager:220 - loadIPPluginJar : add pdm2pcm
2024-11-26 13:26:53,502 [INFO] IPUIPlugin:80 - create IPUIPlugin
2024-11-26 13:26:53,504 [INFO] PluginManager:220 - loadIPPluginJar : add plateformsettings
2024-11-26 13:26:53,521 [INFO] IPUIPlugin:80 - create IPUIPlugin
2024-11-26 13:26:53,521 [INFO] PluginManager:220 - loadIPPluginJar : add quadspi
2024-11-26 13:26:53,543 [INFO] IPUIPlugin:80 - create IPUIPlugin
2024-11-26 13:26:53,543 [INFO] PluginManager:220 - loadIPPluginJar : add radio
2024-11-26 13:26:53,553 [INFO] IPUIPlugin:80 - create IPUIPlugin
2024-11-26 13:26:53,553 [INFO] PluginManager:220 - loadIPPluginJar : add resmgrutility
2024-11-26 13:26:53,586 [INFO] IPUIPlugin:80 - create IPUIPlugin
2024-11-26 13:26:53,586 [INFO] PluginManager:220 - loadIPPluginJar : add sai
2024-11-26 13:26:53,610 [INFO] IPUIPlugin:80 - create IPUIPlugin
2024-11-26 13:26:53,610 [INFO] PluginManager:220 - loadIPPluginJar : add spi
2024-11-26 13:26:53,665 [INFO] IPUIPlugin:80 - create IPUIPlugin
2024-11-26 13:26:53,666 [INFO] PluginManager:220 - loadIPPluginJar : add stm32_wpan
2024-11-26 13:26:53,681 [INFO] IPUIPlugin:80 - create IPUIPlugin
2024-11-26 13:26:53,681 [INFO] PluginManager:220 - loadIPPluginJar : add tim
2024-11-26 13:26:53,724 [INFO] IPUIPlugin:80 - create IPUIPlugin
2024-11-26 13:26:53,724 [INFO] PluginManager:220 - loadIPPluginJar : add touchsensing
2024-11-26 13:26:53,742 [INFO] IPUIPlugin:80 - create IPUIPlugin
2024-11-26 13:26:53,742 [INFO] PluginManager:220 - loadIPPluginJar : add tracer_emb
2024-11-26 13:26:53,757 [INFO] IPUIPlugin:80 - create IPUIPlugin
2024-11-26 13:26:53,758 [INFO] PluginManager:220 - loadIPPluginJar : add ts
2024-11-26 13:26:53,774 [INFO] IPUIPlugin:80 - create IPUIPlugin
2024-11-26 13:26:53,774 [INFO] PluginManager:220 - loadIPPluginJar : add tsc
2024-11-26 13:26:53,789 [INFO] IPUIPlugin:80 - create IPUIPlugin
2024-11-26 13:26:53,789 [INFO] PluginManager:220 - loadIPPluginJar : add ucpd
2024-11-26 13:26:53,823 [INFO] IPUIPlugin:80 - create IPUIPlugin
2024-11-26 13:26:53,823 [INFO] PluginManager:220 - loadIPPluginJar : add usart
2024-11-26 13:26:53,852 [INFO] IPUIPlugin:80 - create IPUIPlugin
2024-11-26 13:26:53,852 [INFO] PluginManager:220 - loadIPPluginJar : add usbx
2024-11-26 13:26:53,974 [INFO] CADModel:165 - CPN selected for project level
2024-11-26 13:26:53,975 [INFO] CADModel:114 - Register for checkConnection events
2024-11-26 13:26:53,975 [FATAL] Updater:334 - Updater called before beeing initialized
2024-11-26 13:26:53,975 [ERROR] CADModel:125 - Updater not yet initialized, retry later 
2024-11-26 13:26:54,073 [INFO] CADModel:165 - CPN selected for project level
2024-11-26 13:26:54,073 [INFO] CADModel:114 - Register for checkConnection events
2024-11-26 13:26:54,073 [FATAL] Updater:334 - Updater called before beeing initialized
2024-11-26 13:26:54,073 [ERROR] CADModel:125 - Updater not yet initialized, retry later 
2024-11-26 13:26:54,075 [FATAL] Updater:334 - Updater called before beeing initialized
2024-11-26 13:26:54,158 [FATAL] Updater:334 - Updater called before beeing initialized
2024-11-26 13:26:54,165 [INFO] DbMcusAds:53 - JSON generation date=Fri Sep 20 22:04:38 KST 2024 (1726837478367)
2024-11-26 13:26:54,165 [FATAL] Updater:334 - Updater called before beeing initialized
2024-11-26 13:26:54,191 [WARN] DetailPanel:346 - Failed to get advertising image, set to default
2024-11-26 13:26:54,244 [FATAL] Updater:334 - Updater called before beeing initialized
2024-11-26 13:26:54,244 [FATAL] Updater:334 - Updater called before beeing initialized
2024-11-26 13:26:54,245 [FATAL] Updater:334 - Updater called before beeing initialized
2024-11-26 13:26:54,245 [WARN] DetailPanel:346 - Failed to get advertising image, set to default
2024-11-26 13:26:54,246 [FATAL] Updater:334 - Updater called before beeing initialized
2024-11-26 13:26:54,293 [ERROR] Updater:1164 - MainUpdater not yet initialized. External WinMGr cannot be set.
2024-11-26 13:26:54,301 [INFO] Updater:1100 - Updater Version found : 6.12.1
2024-11-26 13:26:54,316 [INFO] ApplicationProperties:184 - Using Application install path: C:\ST\STM32CubeIDE_1.16.1\STM32CubeIDE\plugins\com.st.stm32cube.common.mx_6.12.1.202409122256
2024-11-26 13:26:55,263 [INFO] ThirdPartyUpdaterWithRetryManager:70 - Updater plugin not ready yet. [2/15]
2024-11-26 13:26:55,887 [ERROR] LogOutputStream:75 - [STDERR_REDIRECT] Nov 26, 2024 1:26:55 PM java.util.prefs.WindowsPreferences <init>
2024-11-26 13:26:55,888 [ERROR] LogOutputStream:75 - [STDERR_REDIRECT] WARNING: Could not open/create prefs root node Software\JavaSoft\Prefs at root 0xffffffff80000002. Windows RegCreateKeyEx(...) returned error code 5.
2024-11-26 13:26:55,888 [ERROR] LogOutputStream:75 - [STDERR_REDIRECT] 
2024-11-26 13:26:56,181 [INFO] MainUpdater:2873 - connection check result : 10
2024-11-26 13:26:56,182 [INFO] MainUpdater:290 - Updater Check For Update Now.
2024-11-26 13:26:56,182 [INFO] MicroXplorer:498 - Change Database Version : DB.6.0.121
2024-11-26 13:26:56,194 [INFO] McuFinderGlobals:63 - Set McuFinder mode to 2 (CubeIDE integrated)
2024-11-26 13:26:56,195 [INFO] UserAuth:179 - activating auth plugin
2024-11-26 13:26:56,197 [INFO] UserAuth:417 - Internet connection configuration mode: 1
2024-11-26 13:26:56,211 [INFO] JxBrowserEngine:152 - Initiate JxBrowser Engine with user profile folder
2024-11-26 13:26:56,399 [INFO] CheckServerUpdateThread:120 - End of CheckServer Thread
2024-11-26 13:26:58,380 [WARN] PackLoader:240 - Cannot read IP mode file for STMicroelectronics.FP-SNS-MOTENVWB1.1.4.0
2024-11-26 13:26:58,391 [WARN] PackLoader:240 - Cannot read IP mode file for STMicroelectronics.FP-ATR-ASTRA1.2.0.1
2024-11-26 13:26:58,410 [WARN] PackLoader:240 - Cannot read IP mode file for STMicroelectronics.X-CUBE-SMBUS.2.1.0
2024-11-26 13:26:58,422 [WARN] PackLoader:240 - Cannot read IP mode file for STMicroelectronics.X-CUBE-WB05N.1.1.0
2024-11-26 13:26:58,455 [WARN] PackLoader:240 - Cannot read IP mode file for STMicroelectronics.X-CUBE-AZRTOS-F7.1.1.0
2024-11-26 13:26:58,517 [WARN] PackLoader:240 - Cannot read IP mode file for STMicroelectronics.X-CUBE-MEMS1.11.0.0
2024-11-26 13:26:58,663 [WARN] PackLoader:240 - Cannot read IP mode file for STMicroelectronics.FP-SNS-FLIGHT1.5.0.2
2024-11-26 13:26:58,677 [WARN] PackLoader:240 - Cannot read IP mode file for STMicroelectronics.X-CUBE-DISPLAY.3.0.0
2024-11-26 13:26:58,697 [WARN] PackLoader:240 - Cannot read IP mode file for STMicroelectronics.X-CUBE-BLE1.7.0.0
2024-11-26 13:26:58,713 [WARN] PackLoader:240 - Cannot read IP mode file for STMicroelectronics.X-CUBE-NFC10.1.0.0
2024-11-26 13:26:58,730 [WARN] PackLoader:240 - Cannot read IP mode file for emotas.I-CUBE-CANOPEN.1.3.0
2024-11-26 13:26:58,747 [WARN] PackLoader:240 - Cannot read IP mode file for STMicroelectronics.X-CUBE-BLEMGR.3.1.0
2024-11-26 13:26:58,761 [WARN] PackLoader:240 - Cannot read IP mode file for STMicroelectronics.FP-SNS-SMARTAG2.1.2.0
2024-11-26 13:26:58,778 [INFO] LogOutputStream:77 - [STDOUT_REDIRECT] 1 : Invalid condition id : UX_CORESTACK_Condition cause : null
2024-11-26 13:26:58,778 [INFO] LogOutputStream:77 - [STDOUT_REDIRECT] 1 : Invalid condition id : UX_CORESTACK_Condition cause : null
2024-11-26 13:26:58,779 [INFO] LogOutputStream:77 - [STDOUT_REDIRECT] 1 : Invalid condition id : UX_CORESTACK_Condition cause : null
2024-11-26 13:26:58,780 [INFO] LogOutputStream:77 - [STDOUT_REDIRECT] 1 : Invalid condition id : UX_CORESTACK_Condition cause : null
2024-11-26 13:26:58,781 [INFO] LogOutputStream:77 - [STDOUT_REDIRECT] 1 : Invalid condition id : UX_CORESTACK_Condition cause : null
2024-11-26 13:26:58,783 [WARN] PackLoader:240 - Cannot read IP mode file for STMicroelectronics.X-CUBE-AZRTOS-WL.2.0.0
2024-11-26 13:26:58,794 [WARN] PackLoader:240 - Cannot read IP mode file for STMicroelectronics.FP-SNS-MOTENV1.5.0.0
2024-11-26 13:26:58,805 [WARN] PackLoader:240 - Cannot read IP mode file for wolfSSL.I-CUBE-wolfMQTT.1.19.0
2024-11-26 13:26:58,819 [WARN] PackLoader:240 - Cannot read IP mode file for WES.I-CUBE-Cesium.1.3.0
2024-11-26 13:26:58,830 [WARN] PackLoader:240 - Cannot read IP mode file for STMicroelectronics.X-CUBE-BLE2.3.3.0
2024-11-26 13:26:58,842 [WARN] PackLoader:240 - Cannot read IP mode file for STMicroelectronics.X-CUBE-NFC9.1.0.0
2024-11-26 13:26:58,853 [WARN] PackLoader:240 - Cannot read IP mode file for STMicroelectronics.X-CUBE-TCPP.4.1.0
2024-11-26 13:26:58,880 [WARN] PackLoader:240 - Cannot read IP mode file for STMicroelectronics.X-CUBE-AZRTOS-G0.1.1.0
2024-11-26 13:26:58,901 [WARN] PackLoader:240 - Cannot read IP mode file for STMicroelectronics.X-CUBE-SAFEA1.1.2.2
2024-11-26 13:26:58,915 [WARN] PackLoader:240 - Cannot read IP mode file for STMicroelectronics.X-CUBE-NFC4.3.0.0
2024-11-26 13:26:58,933 [WARN] PackLoader:240 - Cannot read IP mode file for EmbeddedOffice.I-CUBE-FS-RTOS.1.0.1
2024-11-26 13:26:58,933 [ERROR] ConditionMgr:805 - Attr not supported : Dmpu
2024-11-26 13:26:58,933 [ERROR] ConditionMgr:805 - Attr not supported : Dmpu
2024-11-26 13:26:58,933 [ERROR] ConditionMgr:805 - Attr not supported : Dmpu
2024-11-26 13:26:58,933 [ERROR] ConditionMgr:805 - Attr not supported : Dmpu
2024-11-26 13:26:58,933 [ERROR] ConditionMgr:805 - Attr not supported : Dmpu
2024-11-26 13:26:58,933 [ERROR] ConditionMgr:805 - Attr not supported : Dmpu
2024-11-26 13:26:58,933 [ERROR] ConditionMgr:805 - Attr not supported : Dmpu
2024-11-26 13:26:58,933 [ERROR] ConditionMgr:805 - Attr not supported : Dmpu
2024-11-26 13:26:58,933 [ERROR] ConditionMgr:805 - Attr not supported : Dmpu
2024-11-26 13:26:58,933 [ERROR] ConditionMgr:805 - Attr not supported : Dmpu
2024-11-26 13:26:58,933 [ERROR] ConditionMgr:805 - Attr not supported : Dmpu
2024-11-26 13:26:58,933 [ERROR] ConditionMgr:805 - Attr not supported : Dmpu
2024-11-26 13:26:58,933 [ERROR] ConditionMgr:805 - Attr not supported : Dmpu
2024-11-26 13:26:58,933 [ERROR] ConditionMgr:805 - Attr not supported : Dmpu
2024-11-26 13:26:58,933 [ERROR] ConditionMgr:805 - Attr not supported : Dmpu
2024-11-26 13:26:58,933 [ERROR] ConditionMgr:805 - Attr not supported : Dmpu
2024-11-26 13:26:58,933 [ERROR] ConditionMgr:805 - Attr not supported : Dmpu
2024-11-26 13:26:58,934 [ERROR] ConditionMgr:805 - Attr not supported : Dmpu
2024-11-26 13:26:58,934 [ERROR] ConditionMgr:805 - Attr not supported : Dmpu
2024-11-26 13:26:58,934 [ERROR] ConditionMgr:805 - Attr not supported : Dmpu
2024-11-26 13:26:58,934 [ERROR] ConditionMgr:805 - Attr not supported : Dmpu
2024-11-26 13:26:58,934 [ERROR] ConditionMgr:805 - Attr not supported : Dmpu
2024-11-26 13:26:58,934 [ERROR] ConditionMgr:805 - Attr not supported : Dmpu
2024-11-26 13:26:58,934 [ERROR] ConditionMgr:805 - Attr not supported : Dmpu
2024-11-26 13:26:58,934 [ERROR] ConditionMgr:805 - Attr not supported : Dmpu
2024-11-26 13:26:58,935 [ERROR] ConditionMgr:805 - Attr not supported : Dmpu
2024-11-26 13:26:58,935 [ERROR] ConditionMgr:805 - Attr not supported : Dmpu
2024-11-26 13:26:58,935 [ERROR] ConditionMgr:805 - Attr not supported : Dmpu
2024-11-26 13:26:58,935 [ERROR] ConditionMgr:805 - Attr not supported : Dmpu
2024-11-26 13:26:58,935 [ERROR] ConditionMgr:805 - Attr not supported : Dmpu
2024-11-26 13:26:58,935 [ERROR] ConditionMgr:805 - Attr not supported : Dmpu
2024-11-26 13:26:58,935 [ERROR] ConditionMgr:805 - Attr not supported : Dmpu
2024-11-26 13:26:58,935 [ERROR] ConditionMgr:805 - Attr not supported : Dmpu
2024-11-26 13:26:58,935 [ERROR] ConditionMgr:805 - Attr not supported : Dmpu
2024-11-26 13:26:58,935 [ERROR] ConditionMgr:805 - Attr not supported : Dmpu
2024-11-26 13:26:58,935 [ERROR] ConditionMgr:805 - Attr not supported : Dmpu
2024-11-26 13:26:58,935 [ERROR] ConditionMgr:805 - Attr not supported : Dmpu
2024-11-26 13:26:58,935 [ERROR] ConditionMgr:805 - Attr not supported : Dmpu
2024-11-26 13:26:58,935 [ERROR] ConditionMgr:805 - Attr not supported : Dmpu
2024-11-26 13:26:58,935 [ERROR] ConditionMgr:805 - Attr not supported : Dmpu
2024-11-26 13:26:58,935 [ERROR] ConditionMgr:805 - Attr not supported : Dmpu
2024-11-26 13:26:58,935 [ERROR] ConditionMgr:805 - Attr not supported : Dmpu
2024-11-26 13:26:58,935 [ERROR] ConditionMgr:805 - Attr not supported : Dmpu
2024-11-26 13:26:58,935 [ERROR] ConditionMgr:805 - Attr not supported : Dmpu
2024-11-26 13:26:58,936 [ERROR] ConditionMgr:805 - Attr not supported : Dmpu
2024-11-26 13:26:58,936 [ERROR] ConditionMgr:805 - Attr not supported : Dmpu
2024-11-26 13:26:58,936 [ERROR] ConditionMgr:805 - Attr not supported : Dmpu
2024-11-26 13:26:58,936 [ERROR] ConditionMgr:805 - Attr not supported : Dmpu
2024-11-26 13:26:58,936 [ERROR] ConditionMgr:805 - Attr not supported : Dmpu
2024-11-26 13:26:58,936 [ERROR] ConditionMgr:805 - Attr not supported : Dmpu
2024-11-26 13:26:58,936 [ERROR] ConditionMgr:805 - Attr not supported : Dmpu
2024-11-26 13:26:58,936 [ERROR] ConditionMgr:805 - Attr not supported : Dmpu
2024-11-26 13:26:58,936 [ERROR] ConditionMgr:805 - Attr not supported : Dmpu
2024-11-26 13:26:58,936 [ERROR] ConditionMgr:805 - Attr not supported : Dmpu
2024-11-26 13:26:58,936 [ERROR] ConditionMgr:805 - Attr not supported : Dmpu
2024-11-26 13:26:58,936 [ERROR] ConditionMgr:805 - Attr not supported : Dmpu
2024-11-26 13:26:58,936 [ERROR] ConditionMgr:805 - Attr not supported : Dmpu
2024-11-26 13:26:58,936 [ERROR] ConditionMgr:805 - Attr not supported : Dmpu
2024-11-26 13:26:58,936 [ERROR] ConditionMgr:805 - Attr not supported : Dmpu
2024-11-26 13:26:58,936 [ERROR] ConditionMgr:805 - Attr not supported : Dmpu
2024-11-26 13:26:58,936 [ERROR] ConditionMgr:805 - Attr not supported : Dmpu
2024-11-26 13:26:58,936 [ERROR] ConditionMgr:805 - Attr not supported : Dmpu
2024-11-26 13:26:58,936 [ERROR] ConditionMgr:805 - Attr not supported : Dmpu
2024-11-26 13:26:58,936 [ERROR] ConditionMgr:805 - Attr not supported : Dmpu
2024-11-26 13:26:58,947 [WARN] PackLoader:240 - Cannot read IP mode file for RealThread.X-CUBE-RT-Thread_Nano.4.1.1
2024-11-26 13:26:58,960 [WARN] PackLoader:240 - Cannot read IP mode file for STMicroelectronics.FP-ATR-SIGFOX1.3.2.0
2024-11-26 13:26:58,970 [WARN] ConditionMgr:438 - getConditionDescription Invalid condition id : Cortex-A Device cause : null
2024-11-26 13:26:58,988 [WARN] ConditionMgr:1039 - genDependencies : Invalid condition id : Cortex-A Device cause : null
2024-11-26 13:26:58,988 [WARN] ConditionMgr:1039 - genDependencies : Invalid condition id : Cortex-A Device cause : null
2024-11-26 13:26:58,988 [WARN] ConditionMgr:1039 - genDependencies : Invalid condition id : Cortex-A Device cause : null
2024-11-26 13:26:59,002 [WARN] PackLoader:240 - Cannot read IP mode file for STMicroelectronics.X-CUBE-EEPRMA1.5.1.0
2024-11-26 13:26:59,014 [WARN] PackLoader:240 - Cannot read IP mode file for wolfSSL.I-CUBE-wolfSSL.5.7.4
2024-11-26 13:26:59,029 [WARN] PackLoader:240 - Cannot read IP mode file for ITTIA_DB.I-CUBE-ITTIADB.8.9.0
2024-11-26 13:26:59,063 [WARN] PackLoader:240 - Cannot read IP mode file for SEGGER.I-CUBE-embOS.1.3.1
2024-11-26 13:26:59,098 [WARN] PackLoader:240 - Cannot read IP mode file for STMicroelectronics.X-CUBE-ALGOBUILD.1.4.0
2024-11-26 13:26:59,108 [WARN] PackLoader:240 - Cannot read IP mode file for STMicroelectronics.X-CUBE-AI.9.1.0
2024-11-26 13:26:59,128 [WARN] PackLoader:240 - Cannot read IP mode file for STMicroelectronics.X-CUBE-AZRTOS-F4.1.1.0
2024-11-26 13:26:59,141 [WARN] PackLoader:240 - Cannot read IP mode file for STMicroelectronics.X-CUBE-ISPU.2.1.0
2024-11-26 13:26:59,150 [WARN] PackLoader:240 - Cannot read IP mode file for STMicroelectronics.X-CUBE-FREERTOS.1.2.0
2024-11-26 13:26:59,177 [WARN] PackLoader:240 - Cannot read IP mode file for STMicroelectronics.X-CUBE-AZRTOS-L5.2.0.0
2024-11-26 13:26:59,191 [WARN] PackLoader:240 - Cannot read IP mode file for STMicroelectronics.X-CUBE-NFC6.3.1.0
2024-11-26 13:26:59,203 [WARN] PackLoader:240 - Cannot read IP mode file for STMicroelectronics.X-CUBE-DPower.1.2.0
2024-11-26 13:26:59,214 [WARN] PackLoader:240 - Cannot read IP mode file for STMicroelectronics.X-CUBE-NFC7.1.0.1
2024-11-26 13:26:59,246 [WARN] ConditionMgr:438 - getConditionDescription Invalid condition id : LAN8742 Phy interface Condition cause : null
2024-11-26 13:26:59,246 [WARN] PackLoader:240 - Cannot read IP mode file for STMicroelectronics.X-CUBE-AZRTOS-L4.2.0.0
2024-11-26 13:26:59,247 [WARN] ConditionMgr:1039 - genDependencies : Invalid condition id : LAN8742 Phy interface Condition cause : null
2024-11-26 13:26:59,248 [WARN] ConditionMgr:1039 - genDependencies : Invalid condition id : LAN8742 Phy interface Condition cause : null
2024-11-26 13:26:59,248 [WARN] ConditionMgr:1039 - genDependencies : Invalid condition id : LAN8742 Phy interface Condition cause : null
2024-11-26 13:26:59,262 [WARN] PackLoader:240 - Cannot read IP mode file for STMicroelectronics.X-CUBE-SFXS2LP1.4.0.0
2024-11-26 13:26:59,288 [WARN] PackLoader:240 - Cannot read IP mode file for STMicroelectronics.X-CUBE-AZRTOS-H7.3.3.0
2024-11-26 13:26:59,306 [WARN] PackLoader:240 - Cannot read IP mode file for STMicroelectronics.X-CUBE-IPS.3.0.0
2024-11-26 13:26:59,325 [WARN] ConditionMgr:438 - getConditionDescription Invalid condition id : UX DEVICE CLASS RTOS Condition cause : null
2024-11-26 13:26:59,325 [WARN] ConditionMgr:438 - getConditionDescription Invalid condition id : UX DEVICE CLASS RTOS Condition cause : null
2024-11-26 13:26:59,326 [WARN] PackLoader:240 - Cannot read IP mode file for STMicroelectronics.X-CUBE-AZRTOS-WB.2.0.0
2024-11-26 13:26:59,326 [WARN] ConditionMgr:1039 - genDependencies : Invalid condition id : UX DEVICE CLASS RTOS Condition cause : null
2024-11-26 13:26:59,326 [WARN] ConditionMgr:1039 - genDependencies : Invalid condition id : UX DEVICE CLASS RTOS Condition cause : null
2024-11-26 13:26:59,326 [WARN] ConditionMgr:1039 - genDependencies : Invalid condition id : UX DEVICE CLASS RTOS Condition cause : null
2024-11-26 13:26:59,327 [WARN] ConditionMgr:1039 - genDependencies : Invalid condition id : UX DEVICE CLASS RTOS Condition cause : null
2024-11-26 13:26:59,327 [WARN] ConditionMgr:1039 - genDependencies : Invalid condition id : UX DEVICE CLASS RTOS Condition cause : null
2024-11-26 13:26:59,341 [WARN] PackLoader:240 - Cannot read IP mode file for STMicroelectronics.X-CUBE-GNSS1.7.0.0
2024-11-26 13:26:59,365 [WARN] PackLoader:240 - Cannot read IP mode file for STMicroelectronics.FP-SNS-STBOX1.2.0.0
2024-11-26 13:26:59,385 [WARN] PackLoader:240 - Cannot read IP mode file for STMicroelectronics.X-CUBE-SUBG2.5.0.0
2024-11-26 13:26:59,401 [WARN] PackLoader:240 - Cannot read IP mode file for Cesanta.I-CUBE-Mongoose.7.13.0
2024-11-26 13:26:59,420 [WARN] PackLoader:240 - Cannot read IP mode file for STMicroelectronics.X-CUBE-AZRTOS-G4.2.0.0
2024-11-26 13:26:59,431 [WARN] PackLoader:240 - Cannot read IP mode file for STMicroelectronics.X-CUBE-ALS.1.0.2
2024-11-26 13:26:59,442 [WARN] PackLoader:240 - Cannot read IP mode file for STMicroelectronics.X-CUBE-TOUCHGFX.4.24.1
2024-11-26 13:26:59,451 [WARN] PackLoader:240 - Cannot read IP mode file for wolfSSL.I-CUBE-wolfTPM.3.4.0
2024-11-26 13:26:59,461 [WARN] PackLoader:240 - Cannot read IP mode file for portGmbH.I-Cube-SoM-uGOAL.1.1.0
2024-11-26 13:26:59,483 [WARN] PackLoader:240 - Cannot read IP mode file for STMicroelectronics.X-CUBE-AZRTOS-H7RS.1.0.0
2024-11-26 13:26:59,501 [WARN] PackLoader:240 - Cannot read IP mode file for STMicroelectronics.X-CUBE-TOF1.3.4.2
2024-11-26 13:26:59,531 [WARN] PackLoader:240 - Cannot read IP mode file for Infineon.AIROC-Wi-Fi-Bluetooth-STM32.1.6.1
2024-11-26 13:26:59,545 [WARN] PackLoader:240 - Cannot read IP mode file for wolfSSL.I-CUBE-wolfSSH.1.4.17
2024-11-26 13:26:59,545 [INFO] ThirdParty:978 - Integrity check success = true
2024-11-26 13:26:59,546 [INFO] IntegrityCheckThread:100 - exiting critical section [integrity check]
2024-11-26 13:26:59,546 [INFO] IntegrityCheckThread:103 - End integrity checks thread
2024-11-26 13:26:59,949 [INFO] WebApp:167 - Instantiating new browser for Auth
2024-11-26 13:27:00,385 [INFO] WebApp:448 - Apply proxy settings
2024-11-26 13:27:00,385 [INFO] WebApp:533 - Chromium requires no authentication
2024-11-26 13:27:00,390 [INFO] WebApp:476 - Direct internet connection detected
2024-11-26 13:27:00,404 [INFO] WebApp:869 - Register for checkConnection events
2024-11-26 13:27:00,406 [INFO] WebApp:448 - Apply proxy settings
2024-11-26 13:27:00,406 [INFO] WebApp:533 - Chromium requires no authentication
2024-11-26 13:27:00,406 [INFO] WebApp:476 - Direct internet connection detected
2024-11-26 13:27:00,499 [INFO] WebApp:220 - Starting web application
2024-11-26 13:27:00,499 [INFO] WebApp:578 - Web application path used C:\ST\STM32CubeIDE_1.16.1\STM32CubeIDE\plugins\com.st.stm32cube.common.mx_6.12.1.202409122256\db\plugins\mcufinder\reactClient1\index.html
2024-11-26 13:27:00,715 [INFO] WebApp:186 - Connection restablished
2024-11-26 16:19:31,762 [ERROR] LogOutputStream:75 - [STDERR_REDIRECT] 
2024-11-26 16:19:31,763 [ERROR] LogOutputStream:75 - [STDERR_REDIRECT] 
